<?xml version="1.0" encoding="UTF-8"?>
<!-- Generated by org.testng.reporters.JUnitReportReporter -->
<testsuite skipped="0" hostname="PARTHA-PC" name="com.testLib.LogInpageTitleTest" tests="1" failures="0" timestamp="22 Jun 2018 06:09:32 GMT" time="0.098" errors="0">
  <testcase name="loginPageTitleTest" time="0.098" classname="com.testLib.LogInpageTitleTest"/>
</testsuite> <!-- com.testLib.LogInpageTitleTest -->
